TN:
SF:operations.js
FN:3,(anonymous_0)
FN:9,(anonymous_1)
FN:15,(anonymous_2)
FN:21,(anonymous_3)
FN:27,(anonymous_4)
FN:37,(anonymous_5)
FN:48,(anonymous_6)
FN:54,(anonymous_7)
FN:55,cuadrado
FN:63,(anonymous_9)
FNF:10
FNH:9
FNDA:1,(anonymous_0)
FNDA:1,(anonymous_1)
FNDA:1,(anonymous_2)
FNDA:1,(anonymous_3)
FNDA:1,(anonymous_4)
FNDA:2,(anonymous_5)
FNDA:1,(anonymous_6)
FNDA:1,(anonymous_7)
FNDA:2,cuadrado
FNDA:0,(anonymous_9)
DA:3,1
DA:4,1
DA:9,1
DA:10,1
DA:15,1
DA:16,1
DA:21,1
DA:22,1
DA:27,1
DA:28,1
DA:29,0
DA:31,1
DA:37,1
DA:38,2
DA:39,2
DA:40,2
DA:41,22
DA:43,2
DA:48,1
DA:49,1
DA:54,1
DA:56,2
DA:58,1
DA:63,1
DA:64,0
DA:65,0
DA:66,0
DA:67,0
DA:69,0
LF:29
LH:23
BRDA:28,0,0,0
BRDA:28,0,1,1
BRDA:38,1,0,2
BRDA:38,1,1,0
BRF:4
BRH:2
end_of_record
